2024-07-30 17:45:41.918 [http-nio-8080-exec-2] WARN  o.s.w.s.m.m.a.ExceptionHandlerExceptionResolver - Resolved [org.springframework.web.HttpRequestMethodNotSupportedException: Request method 'GET' is not supported]
2024-07-30 17:45:41.918 [http-nio-8080-exec-4] WARN  o.s.w.s.m.m.a.ExceptionHandlerExceptionResolver - Resolved [org.springframework.web.servlet.resource.NoResourceFoundException: No static resource images/undefined.]
2024-07-30 17:47:11.170 [http-nio-8080-exec-8] WARN  o.s.w.s.m.m.a.ExceptionHandlerExceptionResolver - Resolved [org.springframework.web.HttpRequestMethodNotSupportedException: Request method 'GET' is not supported]
2024-07-30 17:47:11.170 [http-nio-8080-exec-10] WARN  o.s.w.s.m.m.a.ExceptionHandlerExceptionResolver - Resolved [org.springframework.web.servlet.resource.NoResourceFoundException: No static resource images/undefined.]
2024-07-30 17:50:05.207 [http-nio-8080-exec-3] WARN  o.s.w.s.m.m.a.ExceptionHandlerExceptionResolver - Resolved [org.springframework.web.HttpRequestMethodNotSupportedException: Request method 'GET' is not supported]
2024-07-30 17:50:05.222 [http-nio-8080-exec-7] WARN  o.s.w.s.m.m.a.ExceptionHandlerExceptionResolver - Resolved [org.springframework.web.servlet.resource.NoResourceFoundException: No static resource images/undefined.]
2024-07-30 17:50:28.612 [http-nio-8080-exec-8] WARN  o.s.w.s.m.m.a.ExceptionHandlerExceptionResolver - Resolved [org.springframework.web.HttpRequestMethodNotSupportedException: Request method 'GET' is not supported]
2024-07-30 17:50:28.643 [http-nio-8080-exec-10] WARN  o.s.w.s.m.m.a.ExceptionHandlerExceptionResolver - Resolved [org.springframework.web.servlet.resource.NoResourceFoundException: No static resource images/undefined.]
2024-07-30 17:50:34.698 [http-nio-8080-exec-2] WARN  o.s.w.s.m.m.a.ExceptionHandlerExceptionResolver - Resolved [org.springframework.web.HttpRequestMethodNotSupportedException: Request method 'GET' is not supported]
2024-07-30 17:50:34.703 [http-nio-8080-exec-3] WARN  o.s.w.s.m.m.a.ExceptionHandlerExceptionResolver - Resolved [org.springframework.web.servlet.resource.NoResourceFoundException: No static resource images/undefined.]
2024-07-30 17:57:02.700 [http-nio-8080-exec-8] WARN  o.s.w.s.m.m.a.ExceptionHandlerExceptionResolver - Resolved [org.springframework.web.HttpRequestMethodNotSupportedException: Request method 'GET' is not supported]
2024-07-30 17:57:02.700 [http-nio-8080-exec-10] WARN  o.s.w.s.m.m.a.ExceptionHandlerExceptionResolver - Resolved [org.springframework.web.servlet.resource.NoResourceFoundException: No static resource images/undefined.]
2024-07-30 17:57:10.781 [http-nio-8080-exec-2] WARN  o.s.w.s.m.m.a.ExceptionHandlerExceptionResolver - Resolved [org.springframework.web.HttpRequestMethodNotSupportedException: Request method 'GET' is not supported]
2024-07-30 17:57:10.797 [http-nio-8080-exec-3] WARN  o.s.w.s.m.m.a.ExceptionHandlerExceptionResolver - Resolved [org.springframework.web.servlet.resource.NoResourceFoundException: No static resource images/undefined.]
2024-07-30 17:57:18.108 [http-nio-8080-exec-7] WARN  o.s.w.s.m.m.a.ExceptionHandlerExceptionResolver - Resolved [org.springframework.web.HttpRequestMethodNotSupportedException: Request method 'GET' is not supported]
2024-07-30 17:57:18.123 [http-nio-8080-exec-8] WARN  o.s.w.s.m.m.a.ExceptionHandlerExceptionResolver - Resolved [org.springframework.web.servlet.resource.NoResourceFoundException: No static resource images/undefined.]
2024-07-30 17:58:37.009 [http-nio-8080-exec-2] WARN  o.s.w.s.m.m.a.ExceptionHandlerExceptionResolver - Resolved [org.springframework.web.HttpRequestMethodNotSupportedException: Request method 'GET' is not supported]
2024-07-30 17:58:37.009 [http-nio-8080-exec-3] WARN  o.s.w.s.m.m.a.ExceptionHandlerExceptionResolver - Resolved [org.springframework.web.servlet.resource.NoResourceFoundException: No static resource images/undefined.]
2024-07-30 17:58:44.955 [http-nio-8080-exec-7] WARN  o.s.w.s.m.m.a.ExceptionHandlerExceptionResolver - Resolved [org.springframework.web.HttpRequestMethodNotSupportedException: Request method 'GET' is not supported]
2024-07-30 17:58:44.970 [http-nio-8080-exec-8] WARN  o.s.w.s.m.m.a.ExceptionHandlerExceptionResolver - Resolved [org.springframework.web.servlet.resource.NoResourceFoundException: No static resource images/undefined.]
2024-07-30 17:59:59.375 [http-nio-8080-exec-2] WARN  o.s.w.s.m.m.a.ExceptionHandlerExceptionResolver - Resolved [org.springframework.web.HttpRequestMethodNotSupportedException: Request method 'GET' is not supported]
2024-07-30 17:59:59.375 [http-nio-8080-exec-3] WARN  o.s.w.s.m.m.a.ExceptionHandlerExceptionResolver - Resolved [org.springframework.web.servlet.resource.NoResourceFoundException: No static resource images/undefined.]
2024-07-30 19:51:12.506 [HikariPool-1 housekeeper] WARN  com.zaxxer.hikari.pool.HikariPool - HikariPool-1 - Thread starvation or clock leap detected (housekeeper delta=1h18m53s229ms2µs100ns).
2024-07-30 20:03:20.306 [restartedMain] WARN  o.s.b.w.s.c.AnnotationConfigServletWebServerApplicationContext - Exception encountered during context initialization - cancelling refresh attempt: org.springframework.beans.factory.UnsatisfiedDependencyException: Error creating bean with name 'infoController': Unsatisfied dependency expressed through field 'cameraInfoService': No qualifying bean of type 'com.gzhu.dic_platform.service.CameraInfoService' available: expected at least 1 bean which qualifies as autowire candidate. Dependency annotations: {@org.springframework.beans.factory.annotation.Autowired(required=true)}
2024-07-30 20:03:23.630 [restartedMain] WARN  o.s.b.w.s.c.AnnotationConfigServletWebServerApplicationContext - Exception encountered during context initialization - cancelling refresh attempt: org.springframework.beans.factory.UnsatisfiedDependencyException: Error creating bean with name 'infoController': Unsatisfied dependency expressed through field 'cameraInfoService': No qualifying bean of type 'com.gzhu.dic_platform.service.CameraInfoService' available: expected at least 1 bean which qualifies as autowire candidate. Dependency annotations: {@org.springframework.beans.factory.annotation.Autowired(required=true)}
2024-07-30 20:07:29.676 [restartedMain] WARN  o.s.b.w.s.c.AnnotationConfigServletWebServerApplicationContext - Exception encountered during context initialization - cancelling refresh attempt: org.springframework.beans.factory.UnsatisfiedDependencyException: Error creating bean with name 'infoController': Unsatisfied dependency expressed through field 'cameraInfoService': No qualifying bean of type 'com.gzhu.dic_platform.service.CameraInfoService' available: expected at least 1 bean which qualifies as autowire candidate. Dependency annotations: {@org.springframework.beans.factory.annotation.Autowired(required=true)}
2024-07-30 20:10:40.795 [http-nio-8080-exec-1] WARN  o.s.w.s.m.m.a.ExceptionHandlerExceptionResolver - Resolved [org.springframework.web.servlet.resource.NoResourceFoundException: No static resource images/undefined.]
2024-07-30 20:10:40.795 [http-nio-8080-exec-8] WARN  o.s.w.s.m.m.a.ExceptionHandlerExceptionResolver - Resolved [org.springframework.web.HttpRequestMethodNotSupportedException: Request method 'GET' is not supported]
2024-07-30 20:11:38.119 [http-nio-8080-exec-4] WARN  o.s.w.s.m.m.a.ExceptionHandlerExceptionResolver - Resolved [org.springframework.web.HttpRequestMethodNotSupportedException: Request method 'GET' is not supported]
2024-07-30 20:11:38.144 [http-nio-8080-exec-6] WARN  o.s.w.s.m.m.a.ExceptionHandlerExceptionResolver - Resolved [org.springframework.web.servlet.resource.NoResourceFoundException: No static resource images/undefined.]
2024-07-30 20:11:42.430 [http-nio-8080-exec-8] WARN  o.s.w.s.m.m.a.ExceptionHandlerExceptionResolver - Resolved [org.springframework.web.HttpRequestMethodNotSupportedException: Request method 'GET' is not supported]
2024-07-30 20:11:42.442 [http-nio-8080-exec-9] WARN  o.s.w.s.m.m.a.ExceptionHandlerExceptionResolver - Resolved [org.springframework.web.servlet.resource.NoResourceFoundException: No static resource images/undefined.]
2024-07-30 20:11:47.149 [http-nio-8080-exec-2] WARN  o.s.w.s.m.m.a.ExceptionHandlerExceptionResolver - Resolved [org.springframework.web.HttpRequestMethodNotSupportedException: Request method 'GET' is not supported]
2024-07-30 20:11:47.161 [http-nio-8080-exec-5] WARN  o.s.w.s.m.m.a.ExceptionHandlerExceptionResolver - Resolved [org.springframework.web.servlet.resource.NoResourceFoundException: No static resource images/undefined.]
2024-07-30 20:16:11.009 [http-nio-8080-exec-2] WARN  o.s.w.s.m.m.a.ExceptionHandlerExceptionResolver - Resolved [org.springframework.web.HttpRequestMethodNotSupportedException: Request method 'GET' is not supported]
2024-07-30 20:16:11.014 [http-nio-8080-exec-7] WARN  o.s.w.s.m.m.a.ExceptionHandlerExceptionResolver - Resolved [org.springframework.web.servlet.resource.NoResourceFoundException: No static resource images/undefined.]
2024-07-30 20:24:02.375 [http-nio-8080-exec-5] WARN  o.s.w.s.m.m.a.ExceptionHandlerExceptionResolver - Resolved [org.springframework.web.HttpRequestMethodNotSupportedException: Request method 'GET' is not supported]
2024-07-30 20:24:02.413 [http-nio-8080-exec-4] WARN  o.s.w.s.m.m.a.ExceptionHandlerExceptionResolver - Resolved [org.springframework.web.servlet.resource.NoResourceFoundException: No static resource images/undefined.]
2024-07-30 20:24:06.578 [http-nio-8080-exec-10] WARN  o.s.w.s.m.m.a.ExceptionHandlerExceptionResolver - Resolved [org.springframework.web.HttpRequestMethodNotSupportedException: Request method 'GET' is not supported]
2024-07-30 20:24:07.002 [http-nio-8080-exec-2] WARN  o.s.w.s.m.m.a.ExceptionHandlerExceptionResolver - Resolved [org.springframework.web.servlet.resource.NoResourceFoundException: No static resource images/undefined.]
2024-07-30 20:32:47.744 [http-nio-8080-exec-1] WARN  o.s.w.s.m.m.a.ExceptionHandlerExceptionResolver - Resolved [org.springframework.web.servlet.resource.NoResourceFoundException: No static resource api/info/all/1/32.]
2024-07-30 20:45:57.814 [http-nio-8080-exec-10] WARN  o.s.w.s.m.m.a.ExceptionHandlerExceptionResolver - Resolved [org.springframework.dao.DuplicateKeyException: <EOL><EOL>### Error updating database.  Cause: java.sql.SQLIntegrityConstraintViolationException: Duplicate entry 'c3f22a4184da1d98' for key 'camera_info.unique_device_number'<EOL><EOL>### The error may exist in com/gzhu/dic_platform/mapper/CameraInfoMapper.java (best guess)<EOL><EOL>### The error may involve com.gzhu.dic_platform.mapper.CameraInfoMapper.insert-Inline<EOL><EOL>### The error occurred while setting parameters<EOL><EOL>### SQL: INSERT INTO camera_info  ( device_number,              create_time, update_time )  VALUES (  ?,              ?, ?  )<EOL><EOL>### Cause: java.sql.SQLIntegrityConstraintViolationException: Duplicate entry 'c3f22a4184da1d98' for key 'camera_info.unique_device_number'<EOL>; Duplicate entry 'c3f22a4184da1d98' for key 'camera_info.unique_device_number']
2024-07-30 20:46:21.384 [http-nio-8080-exec-2] WARN  o.s.w.s.m.m.a.ExceptionHandlerExceptionResolver - Resolved [org.springframework.dao.DuplicateKeyException: <EOL><EOL>### Error updating database.  Cause: java.sql.SQLIntegrityConstraintViolationException: Duplicate entry 'c3f22a4184da1d98' for key 'camera_info.unique_device_number'<EOL><EOL>### The error may exist in com/gzhu/dic_platform/mapper/CameraInfoMapper.java (best guess)<EOL><EOL>### The error may involve com.gzhu.dic_platform.mapper.CameraInfoMapper.insert-Inline<EOL><EOL>### The error occurred while setting parameters<EOL><EOL>### SQL: INSERT INTO camera_info  ( device_number,              create_time, update_time )  VALUES (  ?,              ?, ?  )<EOL><EOL>### Cause: java.sql.SQLIntegrityConstraintViolationException: Duplicate entry 'c3f22a4184da1d98' for key 'camera_info.unique_device_number'<EOL>; Duplicate entry 'c3f22a4184da1d98' for key 'camera_info.unique_device_number']
2024-07-30 20:49:29.224 [restartedMain] WARN  o.s.b.w.s.c.AnnotationConfigServletWebServerApplicationContext - Exception encountered during context initialization - cancelling refresh attempt: org.springframework.beans.factory.UnsatisfiedDependencyException: Error creating bean with name 'infoController': Unsatisfied dependency expressed through field 'cameraInfoService': No qualifying bean of type 'com.gzhu.dic_platform.service.CameraInfoService' available: expected at least 1 bean which qualifies as autowire candidate. Dependency annotations: {@org.springframework.beans.factory.annotation.Autowired(required=true)}
2024-07-30 20:49:36.502 [http-nio-8080-exec-1] WARN  o.s.w.s.m.m.a.ExceptionHandlerExceptionResolver - Resolved [GlobalException(message=设备编号已存在！, code=500)]
2024-07-30 20:50:30.003 [restartedMain] WARN  o.s.b.w.s.c.AnnotationConfigServletWebServerApplicationContext - Exception encountered during context initialization - cancelling refresh attempt: org.springframework.beans.factory.UnsatisfiedDependencyException: Error creating bean with name 'infoController': Unsatisfied dependency expressed through field 'cameraInfoService': No qualifying bean of type 'com.gzhu.dic_platform.service.CameraInfoService' available: expected at least 1 bean which qualifies as autowire candidate. Dependency annotations: {@org.springframework.beans.factory.annotation.Autowired(required=true)}
2024-07-30 20:51:07.155 [http-nio-8080-exec-2] WARN  o.s.w.s.m.m.a.ExceptionHandlerExceptionResolver - Resolved [GlobalException(message=设备编号已存在！, code=500)]
2024-07-30 20:51:44.253 [http-nio-8080-exec-8] WARN  o.s.w.s.m.m.a.ExceptionHandlerExceptionResolver - Resolved [GlobalException(message=设备编号已存在！, code=500)]
2024-07-30 20:56:22.798 [restartedMain] WARN  o.s.b.w.s.c.AnnotationConfigServletWebServerApplicationContext - Exception encountered during context initialization - cancelling refresh attempt: org.springframework.beans.factory.UnsatisfiedDependencyException: Error creating bean with name 'infoController': Unsatisfied dependency expressed through field 'cameraInfoService': No qualifying bean of type 'com.gzhu.dic_platform.service.CameraInfoService' available: expected at least 1 bean which qualifies as autowire candidate. Dependency annotations: {@org.springframework.beans.factory.annotation.Autowired(required=true)}
2024-07-30 20:56:57.948 [http-nio-8080-exec-7] WARN  o.s.w.s.m.m.a.ExceptionHandlerExceptionResolver - Resolved [GlobalException(message=设备编号格式不正确！应为16位数字和小写字母的组合。, code=500)]
2024-07-30 20:57:10.002 [http-nio-8080-exec-9] WARN  o.s.w.s.m.m.a.ExceptionHandlerExceptionResolver - Resolved [GlobalException(message=设备编号已存在！, code=500)]
2024-07-30 20:57:20.846 [http-nio-8080-exec-3] WARN  o.s.w.s.m.m.a.ExceptionHandlerExceptionResolver - Resolved [GlobalException(message=设备编号格式不正确！应为16位数字和小写字母的组合。, code=500)]
2024-07-30 20:57:45.242 [restartedMain] WARN  o.s.b.w.s.c.AnnotationConfigServletWebServerApplicationContext - Exception encountered during context initialization - cancelling refresh attempt: org.springframework.beans.factory.UnsatisfiedDependencyException: Error creating bean with name 'infoController': Unsatisfied dependency expressed through field 'cameraInfoService': No qualifying bean of type 'com.gzhu.dic_platform.service.CameraInfoService' available: expected at least 1 bean which qualifies as autowire candidate. Dependency annotations: {@org.springframework.beans.factory.annotation.Autowired(required=true)}
2024-07-30 20:58:13.106 [http-nio-8080-exec-3] WARN  o.s.w.s.m.m.a.ExceptionHandlerExceptionResolver - Resolved [GlobalException(message=设备编号格式不正确！应为16位数字和小写字母的组合。, code=500)]
2024-07-30 20:58:54.294 [restartedMain] WARN  o.s.b.w.s.c.AnnotationConfigServletWebServerApplicationContext - Exception encountered during context initialization - cancelling refresh attempt: org.springframework.beans.factory.UnsatisfiedDependencyException: Error creating bean with name 'infoController': Unsatisfied dependency expressed through field 'cameraInfoService': No qualifying bean of type 'com.gzhu.dic_platform.service.CameraInfoService' available: expected at least 1 bean which qualifies as autowire candidate. Dependency annotations: {@org.springframework.beans.factory.annotation.Autowired(required=true)}
2024-07-30 20:59:01.129 [http-nio-8080-exec-2] WARN  o.s.w.s.m.m.a.ExceptionHandlerExceptionResolver - Resolved [GlobalException(message=设备编号格式不正确！应为16位数字和小写字母的组合。, code=500)]
2024-07-30 21:00:15.378 [http-nio-8080-exec-8] WARN  o.s.w.s.m.m.a.ExceptionHandlerExceptionResolver - Resolved [GlobalException(message=设备编号格式不正确！应为16位数字和小写字母的组合。, code=500)]
2024-07-30 21:00:27.016 [http-nio-8080-exec-10] WARN  o.s.w.s.m.m.a.ExceptionHandlerExceptionResolver - Resolved [GlobalException(message=设备编号格式不正确！应为16位数字和小写字母的组合。, code=500)]
2024-07-30 21:07:22.029 [http-nio-8080-exec-5] WARN  o.s.w.s.m.m.a.ExceptionHandlerExceptionResolver - Resolved [GlobalException(message=设备编号格式不正确！应为16位数字和小写字母的组合。, code=500)]
2024-07-30 21:08:06.737 [http-nio-8080-exec-8] WARN  o.s.w.s.m.m.a.ExceptionHandlerExceptionResolver - Resolved [GlobalException(message=设备编号格式不正确！应为16位数字和小写字母的组合。, code=500)]
2024-07-30 21:10:20.339 [http-nio-8080-exec-4] WARN  o.s.w.s.m.m.a.ExceptionHandlerExceptionResolver - Resolved [GlobalException(message=设备编号格式不正确！应为16位数字和小写字母的组合。, code=500)]
2024-07-30 21:10:41.945 [http-nio-8080-exec-8] WARN  o.s.w.s.m.m.a.ExceptionHandlerExceptionResolver - Resolved [GlobalException(message=设备编号格式不正确！应为16位数字和小写字母的组合。, code=500)]
2024-07-30 21:11:50.807 [http-nio-8080-exec-2] WARN  o.s.w.s.m.m.a.ExceptionHandlerExceptionResolver - Resolved [org.springframework.web.HttpRequestMethodNotSupportedException: Request method 'GET' is not supported]
2024-07-30 21:11:50.826 [http-nio-8080-exec-1] WARN  o.s.w.s.m.m.a.ExceptionHandlerExceptionResolver - Resolved [org.springframework.web.servlet.resource.NoResourceFoundException: No static resource images/undefined.]
2024-07-30 21:18:34.261 [http-nio-8080-exec-9] WARN  o.s.w.s.m.m.a.ExceptionHandlerExceptionResolver - Resolved [GlobalException(message=设备编号格式不正确！应为16位数字和小写字母的组合。, code=500)]
2024-07-30 21:20:46.635 [http-nio-8080-exec-4] WARN  o.s.w.s.m.m.a.ExceptionHandlerExceptionResolver - Resolved [GlobalException(message=设备编号格式不正确！应为16位数字和小写字母的组合。, code=500)]
2024-07-30 21:21:28.402 [http-nio-8080-exec-7] WARN  o.s.w.s.m.m.a.ExceptionHandlerExceptionResolver - Resolved [GlobalException(message=设备编号格式不正确！应为16位数字和小写字母的组合。, code=500)]
2024-07-30 21:23:58.236 [http-nio-8080-exec-2] WARN  o.s.w.s.m.m.a.ExceptionHandlerExceptionResolver - Resolved [GlobalException(message=设备编号格式不正确！应为16位数字和小写字母的组合。, code=500)]
2024-07-30 21:24:32.566 [http-nio-8080-exec-4] WARN  o.s.w.s.m.m.a.ExceptionHandlerExceptionResolver - Resolved [org.springframework.dao.DuplicateKeyException: <EOL><EOL>### Error updating database.  Cause: java.sql.SQLIntegrityConstraintViolationException: Duplicate entry '464dc717d6cb2316' for key 'camera_info.unique_device_number'<EOL><EOL>### The error may exist in com/gzhu/dic_platform/mapper/CameraInfoMapper.java (best guess)<EOL><EOL>### The error may involve com.gzhu.dic_platform.mapper.CameraInfoMapper.insert-Inline<EOL><EOL>### The error occurred while setting parameters<EOL><EOL>### SQL: INSERT INTO camera_info  ( device_number,              create_time, update_time )  VALUES (  ?,              ?, ?  )<EOL><EOL>### Cause: java.sql.SQLIntegrityConstraintViolationException: Duplicate entry '464dc717d6cb2316' for key 'camera_info.unique_device_number'<EOL>; Duplicate entry '464dc717d6cb2316' for key 'camera_info.unique_device_number']
2024-07-30 21:25:37.593 [http-nio-8080-exec-10] WARN  o.s.w.s.m.m.a.ExceptionHandlerExceptionResolver - Resolved [GlobalException(message=设备编号格式不正确！应为16位数字和小写字母的组合。, code=500)]
2024-07-30 21:26:15.955 [http-nio-8080-exec-1] WARN  o.s.w.s.m.m.a.ExceptionHandlerExceptionResolver - Resolved [GlobalException(message=设备编号格式不正确！应为16位数字和小写字母的组合。, code=500)]
2024-07-30 21:26:24.805 [http-nio-8080-exec-4] WARN  o.s.w.s.m.m.a.ExceptionHandlerExceptionResolver - Resolved [GlobalException(message=设备编号格式不正确！应为16位数字和小写字母的组合。, code=500)]
2024-07-30 21:30:15.353 [http-nio-8080-exec-10] WARN  o.s.w.s.m.m.a.ExceptionHandlerExceptionResolver - Resolved [GlobalException(message=设备编号格式不正确！应为16位数字和小写字母的组合。, code=500)]
2024-07-30 21:34:12.160 [http-nio-8080-exec-7] WARN  o.s.w.s.m.m.a.ExceptionHandlerExceptionResolver - Resolved [GlobalException(message=设备编号格式不正确！应为16位数字和小写字母的组合。, code=500)]
2024-07-30 21:35:26.389 [http-nio-8080-exec-9] WARN  o.s.w.s.m.m.a.ExceptionHandlerExceptionResolver - Resolved [GlobalException(message=设备编号格式不正确！应为16位数字和小写字母的组合。, code=500)]
2024-07-30 21:35:52.551 [http-nio-8080-exec-1] WARN  o.s.w.s.m.m.a.ExceptionHandlerExceptionResolver - Resolved [org.springframework.dao.DuplicateKeyException: <EOL><EOL>### Error updating database.  Cause: java.sql.SQLIntegrityConstraintViolationException: Duplicate entry '464dc717d6cb2316' for key 'camera_info.unique_device_number'<EOL><EOL>### The error may exist in com/gzhu/dic_platform/mapper/CameraInfoMapper.java (best guess)<EOL><EOL>### The error may involve com.gzhu.dic_platform.mapper.CameraInfoMapper.insert-Inline<EOL><EOL>### The error occurred while setting parameters<EOL><EOL>### SQL: INSERT INTO camera_info  ( device_number,              create_time, update_time )  VALUES (  ?,              ?, ?  )<EOL><EOL>### Cause: java.sql.SQLIntegrityConstraintViolationException: Duplicate entry '464dc717d6cb2316' for key 'camera_info.unique_device_number'<EOL>; Duplicate entry '464dc717d6cb2316' for key 'camera_info.unique_device_number']
2024-07-30 21:36:30.312 [http-nio-8080-exec-5] WARN  o.s.w.s.m.m.a.ExceptionHandlerExceptionResolver - Resolved [GlobalException(message=设备编号格式不正确！应为16位数字和小写字母的组合。, code=500)]
2024-07-30 21:37:00.392 [http-nio-8080-exec-5] WARN  o.s.w.s.m.m.a.ExceptionHandlerExceptionResolver - Resolved [GlobalException(message=设备编号格式不正确！应为16位数字和小写字母的组合。, code=500)]
2024-07-30 21:37:50.009 [http-nio-8080-exec-9] WARN  o.s.w.s.m.m.a.ExceptionHandlerExceptionResolver - Resolved [GlobalException(message=设备编号格式不正确！应为16位数字和小写字母的组合。, code=500)]
2024-07-30 21:40:41.809 [http-nio-8080-exec-2] WARN  o.s.w.s.m.m.a.ExceptionHandlerExceptionResolver - Resolved [GlobalException(message=设备编号格式不正确！应为16位数字和小写字母的组合。, code=500)]
2024-07-30 21:44:10.565 [http-nio-8080-exec-1] WARN  o.s.w.s.m.m.a.ExceptionHandlerExceptionResolver - Resolved [GlobalException(message=设备编号格式不正确！应为16位数字和小写字母的组合。, code=500)]
2024-07-30 21:48:54.835 [http-nio-8080-exec-10] WARN  o.s.w.s.m.m.a.ExceptionHandlerExceptionResolver - Resolved [GlobalException(message=设备编号格式不正确！应为16位数字和小写字母的组合。, code=500)]
2024-07-30 21:56:00.900 [http-nio-8080-exec-8] WARN  o.s.w.s.m.m.a.ExceptionHandlerExceptionResolver - Resolved [GlobalException(message=设备编号已存在！, code=500)]
2024-07-30 21:56:44.291 [http-nio-8080-exec-9] WARN  o.s.w.s.m.m.a.ExceptionHandlerExceptionResolver - Resolved [GlobalException(message=设备编号已存在！, code=500)]
2024-07-30 22:01:00.531 [http-nio-8080-exec-4] WARN  o.s.w.s.m.m.a.ExceptionHandlerExceptionResolver - Resolved [GlobalException(message=设备编号已存在！, code=500)]
2024-07-30 22:02:26.050 [http-nio-8080-exec-2] WARN  o.s.w.s.m.m.a.ExceptionHandlerExceptionResolver - Resolved [GlobalException(message=设备编号已存在！, code=500)]
2024-07-30 22:03:45.935 [http-nio-8080-exec-1] WARN  o.s.w.s.m.m.a.ExceptionHandlerExceptionResolver - Resolved [GlobalException(message=设备编号已存在！, code=500)]
2024-07-30 22:10:19.977 [http-nio-8080-exec-8] WARN  o.s.w.s.m.m.a.ExceptionHandlerExceptionResolver - Resolved [GlobalException(message=设备编号已存在！, code=500)]
2024-07-30 22:11:02.073 [restartedMain] WARN  o.s.b.w.s.c.AnnotationConfigServletWebServerApplicationContext - Exception encountered during context initialization - cancelling refresh attempt: org.springframework.beans.factory.UnsatisfiedDependencyException: Error creating bean with name 'settingController': Unsatisfied dependency expressed through field 'settingService': No qualifying bean of type 'com.gzhu.dic_platform.service.CameraSettingService' available: expected at least 1 bean which qualifies as autowire candidate. Dependency annotations: {@org.springframework.beans.factory.annotation.Autowired(required=true)}
2024-07-30 22:13:55.908 [restartedMain] WARN  o.s.b.w.s.c.AnnotationConfigServletWebServerApplicationContext - Exception encountered during context initialization - cancelling refresh attempt: org.springframework.beans.factory.UnsatisfiedDependencyException: Error creating bean with name 'spotController': Unsatisfied dependency expressed through field 'targetSpotService': Error creating bean with name 'targetSpotServiceImpl' defined in file [D:\project\idea\DIC\dic_platform\target\classes\com\gzhu\dic_platform\service\impl\TargetSpotServiceImpl.class]: Post-processing of merged bean definition failed
2024-07-30 22:21:34.724 [http-nio-8080-exec-4] WARN  o.s.w.s.m.m.a.ExceptionHandlerExceptionResolver - Resolved [GlobalException(message=设备编号已存在！, code=500)]
2024-07-30 22:22:24.626 [http-nio-8080-exec-8] WARN  o.s.w.s.m.m.a.ExceptionHandlerExceptionResolver - Resolved [GlobalException(message=设备编号格式不正确！应为16位数字和小写字母的组合。, code=500)]
